<?xml version="1.0" encoding="UTF-8" ?>
<testsuite tests="18" failures="0" name="com.cts.rabo.controller.test.RunFailHandlingTest" time="0.01" errors="0" skipped="0">
  <properties>
[...]
</properties>
  <testcase classname="Scenario: Uploading a XML File to get Failed transaction report" name="Given I visit the file upload page" time="0.002"/>
  <testcase classname="Scenario: Uploading a XML File to get Failed transaction report" name="When I upload an XML file" time="0"/>
  <testcase classname="Scenario: Uploading a XML File to get Failed transaction report" name="Then Process the file data" time="0"/>
  <testcase classname="Scenario: Uploading a XML File to get Failed transaction report" name="And I should able to get Failed transaction report" time="0"/>
  <testcase classname="Scenario: Uploading a XML File to get Failed transaction report" name="Scenario: Uploading a XML File to get Failed transaction report" time="0.001"/>
  <testcase classname="Scenario: Uploading a CSV File to get Failed transaction report" name="Given I visit the file upload page" time="0"/>
  <testcase classname="Scenario: Uploading a CSV File to get Failed transaction report" name="When I upload an CSV file" time="0"/>
  <testcase classname="Scenario: Uploading a CSV File to get Failed transaction report" name="Then Process the file data" time="0"/>
  <testcase classname="Scenario: Uploading a CSV File to get Failed transaction report" name="And I should able to get Failed transaction report" time="0"/>
  <testcase classname="Scenario: Uploading a CSV File to get Failed transaction report" name="Scenario: Uploading a CSV File to get Failed transaction report" time="0"/>
  <testcase classname="Scenario: Uploading an Empty File" name="Given I visit the file upload page" time="0.001"/>
  <testcase classname="Scenario: Uploading an Empty File" name="When I upload an empty file" time="0"/>
  <testcase classname="Scenario: Uploading an Empty File" name="Then Process the file data and throw ERROR" time="0"/>
  <testcase classname="Scenario: Uploading an Empty File" name="Scenario: Uploading an Empty File" time="0.006"/>
  <testcase classname="Scenario: Uploading an File with no Failed transaction" name="Given I visit the file upload page" time="0"/>
  <testcase classname="Scenario: Uploading an File with no Failed transaction" name="When I upload an file with no Failed transaction" time="0"/>
  <testcase classname="Scenario: Uploading an File with no Failed transaction" name="Then Process the file data and get report" time="0"/>
  <testcase classname="Scenario: Uploading an File with no Failed transaction" name="Scenario: Uploading an File with no Failed transaction" time="0"/>
</testsuite>